# JRE version: Java(TM) SE Runtime Environment (8.0_191-b12) (build 1.8.0_191-b12)
# Java VM: Java HotSpot(TM) 64-Bit Server VM (25.191-b12 mixed mode windows-amd64 compressed oops)
Heap:
 PSYoungGen      total 187392K, used 63576K [0x00000000e0000000, 0x00000000ecb00000, 0x0000000100000000)
  eden space 172032K, 28% used [0x00000000e0000000,0x00000000e2f19d38,0x00000000ea800000)
  from space 15360K, 99% used [0x00000000eab80000,0x00000000eba7c5c0,0x00000000eba80000)
  to   space 16896K, 0% used [0x00000000eba80000,0x00000000eba80000,0x00000000ecb00000)
 ParOldGen       total 99840K, used 20021K [0x00000000a0000000, 0x00000000a6180000, 0x00000000e0000000)
  object space 99840K, 20% used [0x00000000a0000000,0x00000000a138d5a8,0x00000000a6180000)
 Metaspace       used 53988K, capacity 55264K, committed 55552K, reserved 1097728K
  class space    used 7516K, capacity 7834K, committed 7936K, reserved 1048576K
GC Heap History (10 events):
Event: 12.786 GC heap before
{Heap before GC invocations=7 (full 1):
 PSYoungGen      total 71680K, used 71669K [0x00000000e0000000, 0x00000000e8180000, 0x0000000100000000)
  eden space 66560K, 100% used [0x00000000e0000000,0x00000000e4100000,0x00000000e4100000)
  from space 5120K, 99% used [0x00000000e4100000,0x00000000e45fd478,0x00000000e4600000)
  to   space 12800K, 0% used [0x00000000e7500000,0x00000000e7500000,0x00000000e8180000)
 ParOldGen       total 65536K, used 14116K [0x00000000a0000000, 0x00000000a4000000, 0x00000000e0000000)
  object space 65536K, 21% used [0x00000000a0000000,0x00000000a0dc91d8,0x00000000a4000000)
 Metaspace       used 32470K, capacity 32978K, committed 33280K, reserved 1077248K
  class space    used 4587K, capacity 4748K, committed 4864K, reserved 1048576K
Event: 12.802 GC heap after
Heap after GC invocations=7 (full 1):
 PSYoungGen      total 119808K, used 8605K [0x00000000e0000000, 0x00000000e8280000, 0x0000000100000000)
  eden space 107008K, 0% used [0x00000000e0000000,0x00000000e0000000,0x00000000e6880000)
  from space 12800K, 67% used [0x00000000e7500000,0x00000000e7d67620,0x00000000e8180000)
  to   space 12800K, 0% used [0x00000000e6880000,0x00000000e6880000,0x00000000e7500000)
 ParOldGen       total 65536K, used 14124K [0x00000000a0000000, 0x00000000a4000000, 0x00000000e0000000)
  object space 65536K, 21% used [0x00000000a0000000,0x00000000a0dcb1d8,0x00000000a4000000)
 Metaspace       used 32470K, capacity 32978K, committed 33280K, reserved 1077248K
  class space    used 4587K, capacity 4748K, committed 4864K, reserved 1048576K
}
Event: 14.034 GC heap before
{Heap before GC invocations=8 (full 1):
 PSYoungGen      total 119808K, used 60824K [0x00000000e0000000, 0x00000000e8280000, 0x0000000100000000)
  eden space 107008K, 48% used [0x00000000e0000000,0x00000000e32feb10,0x00000000e6880000)
  from space 12800K, 67% used [0x00000000e7500000,0x00000000e7d67620,0x00000000e8180000)
  to   space 12800K, 0% used [0x00000000e6880000,0x00000000e6880000,0x00000000e7500000)
 ParOldGen       total 65536K, used 14124K [0x00000000a0000000, 0x00000000a4000000, 0x00000000e0000000)
  object space 65536K, 21% used [0x00000000a0000000,0x00000000a0dcb1d8,0x00000000a4000000)
 Metaspace       used 34696K, capacity 35328K, committed 35416K, reserved 1079296K
  class space    used 4900K, capacity 5109K, committed 5120K, reserved 1048576K
Event: 14.060 GC heap after
Heap after GC invocations=8 (full 1):
 PSYoungGen      total 119808K, used 10474K [0x00000000e0000000, 0x00000000ec980000, 0x0000000100000000)
  eden space 107008K, 0% used [0x00000000e0000000,0x00000000e0000000,0x00000000e6880000)
  from space 12800K, 81% used [0x00000000e6880000,0x00000000e72ba890,0x00000000e7500000)
  to   space 13312K, 0% used [0x00000000ebc80000,0x00000000ebc80000,0x00000000ec980000)
 ParOldGen       total 65536K, used 14132K [0x00000000a0000000, 0x00000000a4000000, 0x00000000e0000000)
  object space 65536K, 21% used [0x00000000a0000000,0x00000000a0dcd1d8,0x00000000a4000000)
 Metaspace       used 34696K, capacity 35328K, committed 35416K, reserved 1079296K
  class space    used 4900K, capacity 5109K, committed 5120K, reserved 1048576K
}
Event: 14.060 GC heap before
{Heap before GC invocations=9 (full 2):
 PSYoungGen      total 119808K, used 10474K [0x00000000e0000000, 0x00000000ec980000, 0x0000000100000000)
  eden space 107008K, 0% used [0x00000000e0000000,0x00000000e0000000,0x00000000e6880000)
  from space 12800K, 81% used [0x00000000e6880000,0x00000000e72ba890,0x00000000e7500000)
  to   space 13312K, 0% used [0x00000000ebc80000,0x00000000ebc80000,0x00000000ec980000)
 ParOldGen       total 65536K, used 14132K [0x00000000a0000000, 0x00000000a4000000, 0x00000000e0000000)
  object space 65536K, 21% used [0x00000000a0000000,0x00000000a0dcd1d8,0x00000000a4000000)
 Metaspace       used 34696K, capacity 35328K, committed 35416K, reserved 1079296K
  class space    used 4900K, capacity 5109K, committed 5120K, reserved 1048576K
Event: 14.205 GC heap after
Heap after GC invocations=9 (full 2):
 PSYoungGen      total 119808K, used 0K [0x00000000e0000000, 0x00000000ec980000, 0x0000000100000000)
  eden space 107008K, 0% used [0x00000000e0000000,0x00000000e0000000,0x00000000e6880000)
  from space 12800K, 0% used [0x00000000e6880000,0x00000000e6880000,0x00000000e7500000)
  to   space 13312K, 0% used [0x00000000ebc80000,0x00000000ebc80000,0x00000000ec980000)
 ParOldGen       total 99840K, used 17506K [0x00000000a0000000, 0x00000000a6180000, 0x00000000e0000000)
  object space 99840K, 17% used [0x00000000a0000000,0x00000000a1118870,0x00000000a6180000)
 Metaspace       used 34688K, capacity 35304K, committed 35416K, reserved 1079296K
  class space    used 4897K, capacity 5105K, committed 5120K, reserved 1048576K
}
Event: 17.114 GC heap before
{Heap before GC invocations=10 (full 2):
 PSYoungGen      total 119808K, used 107008K [0x00000000e0000000, 0x00000000ec980000, 0x0000000100000000)
  eden space 107008K, 100% used [0x00000000e0000000,0x00000000e6880000,0x00000000e6880000)
  from space 12800K, 0% used [0x00000000e6880000,0x00000000e6880000,0x00000000e7500000)
  to   space 13312K, 0% used [0x00000000ebc80000,0x00000000ebc80000,0x00000000ec980000)
 ParOldGen       total 99840K, used 17506K [0x00000000a0000000, 0x00000000a6180000, 0x00000000e0000000)
  object space 99840K, 17% used [0x00000000a0000000,0x00000000a1118870,0x00000000a6180000)
 Metaspace       used 45614K, capacity 46648K, committed 46848K, reserved 1089536K
  class space    used 6297K, capacity 6600K, committed 6656K, reserved 1048576K
Event: 17.132 GC heap after
Heap after GC invocations=10 (full 2):
 PSYoungGen      total 157184K, used 13310K [0x00000000e0000000, 0x00000000ec980000, 0x0000000100000000)
  eden space 143872K, 0% used [0x00000000e0000000,0x00000000e0000000,0x00000000e8c80000)
  from space 13312K, 99% used [0x00000000ebc80000,0x00000000ec97f940,0x00000000ec980000)
  to   space 15360K, 0% used [0x00000000eab80000,0x00000000eab80000,0x00000000eba80000)
 ParOldGen       total 99840K, used 18557K [0x00000000a0000000, 0x00000000a6180000, 0x00000000e0000000)
  object space 99840K, 18% used [0x00000000a0000000,0x00000000a121f768,0x00000000a6180000)
 Metaspace       used 45614K, capacity 46648K, committed 46848K, reserved 1089536K
  class space    used 6297K, capacity 6600K, committed 6656K, reserved 1048576K
}
Event: 22.809 GC heap before
{Heap before GC invocations=11 (full 2):
 PSYoungGen      total 157184K, used 157182K [0x00000000e0000000, 0x00000000ec980000, 0x0000000100000000)
  eden space 143872K, 100% used [0x00000000e0000000,0x00000000e8c80000,0x00000000e8c80000)
  from space 13312K, 99% used [0x00000000ebc80000,0x00000000ec97f940,0x00000000ec980000)
  to   space 15360K, 0% used [0x00000000eab80000,0x00000000eab80000,0x00000000eba80000)
 ParOldGen       total 99840K, used 18557K [0x00000000a0000000, 0x00000000a6180000, 0x00000000e0000000)
  object space 99840K, 18% used [0x00000000a0000000,0x00000000a121f768,0x00000000a6180000)
 Metaspace       used 50618K, capacity 51852K, committed 51968K, reserved 1093632K
  class space    used 7029K, capacity 7366K, committed 7424K, reserved 1048576K
Event: 22.850 GC heap after
Heap after GC invocations=11 (full 2):
 PSYoungGen      total 187392K, used 15345K [0x00000000e0000000, 0x00000000ecb00000, 0x0000000100000000)
  eden space 172032K, 0% used [0x00000000e0000000,0x00000000e0000000,0x00000000ea800000)
  from space 15360K, 99% used [0x00000000eab80000,0x00000000eba7c5c0,0x00000000eba80000)
  to   space 16896K, 0% used [0x00000000eba80000,0x00000000eba80000,0x00000000ecb00000)
 ParOldGen       total 99840K, used 20021K [0x00000000a0000000, 0x00000000a6180000, 0x00000000e0000000)
  object space 99840K, 20% used [0x00000000a0000000,0x00000000a138d5a8,0x00000000a6180000)
 Metaspace       used 50618K, capacity 51852K, committed 51968K, reserved 1093632K
  class space    used 7029K, capacity 7366K, committed 7424K, reserved 1048576K
}

