# JRE version: Java(TM) SE Runtime Environment (8.0_191-b12) (build 1.8.0_191-b12)
# Java VM: Java HotSpot(TM) 64-Bit Server VM (25.191-b12 mixed mode windows-amd64 compressed oops)
Heap:
 PSYoungGen      total 76800K, used 38007K [0x00000000e0000000, 0x00000000e8c00000, 0x0000000100000000)
  eden space 66560K, 44% used [0x00000000e0000000,0x00000000e1d3d7a8,0x00000000e4100000)
  from space 10240K, 78% used [0x00000000e4100000,0x00000000e48e0508,0x00000000e4b00000)
  to   space 10752K, 0% used [0x00000000e8180000,0x00000000e8180000,0x00000000e8c00000)
 ParOldGen       total 51712K, used 8401K [0x00000000a0000000, 0x00000000a3280000, 0x00000000e0000000)
  object space 51712K, 16% used [0x00000000a0000000,0x00000000a08345d8,0x00000000a3280000)
 Metaspace       used 30439K, capacity 30982K, committed 31360K, reserved 1077248K
  class space    used 4252K, capacity 4428K, committed 4480K, reserved 1048576K
GC Heap History (10 events):
Event: 10.032 GC heap before
{Heap before GC invocations=4 (full 0):
 PSYoungGen      total 38400K, used 38384K [0x00000000e0000000, 0x00000000e2a80000, 0x0000000100000000)
  eden space 33280K, 100% used [0x00000000e0000000,0x00000000e2080000,0x00000000e2080000)
  from space 5120K, 99% used [0x00000000e2080000,0x00000000e257c010,0x00000000e2580000)
  to   space 5120K, 0% used [0x00000000e2580000,0x00000000e2580000,0x00000000e2a80000)
 ParOldGen       total 87552K, used 1853K [0x00000000a0000000, 0x00000000a5580000, 0x00000000e0000000)
  object space 87552K, 2% used [0x00000000a0000000,0x00000000a01cf680,0x00000000a5580000)
 Metaspace       used 16289K, capacity 16736K, committed 16896K, reserved 1062912K
  class space    used 2376K, capacity 2520K, committed 2560K, reserved 1048576K
Event: 10.060 GC heap after
Heap after GC invocations=4 (full 0):
 PSYoungGen      total 38400K, used 5088K [0x00000000e0000000, 0x00000000e4b00000, 0x0000000100000000)
  eden space 33280K, 0% used [0x00000000e0000000,0x00000000e0000000,0x00000000e2080000)
  from space 5120K, 99% used [0x00000000e2580000,0x00000000e2a78040,0x00000000e2a80000)
  to   space 5120K, 0% used [0x00000000e2080000,0x00000000e2080000,0x00000000e2580000)
 ParOldGen       total 87552K, used 5018K [0x00000000a0000000, 0x00000000a5580000, 0x00000000e0000000)
  object space 87552K, 5% used [0x00000000a0000000,0x00000000a04e6a28,0x00000000a5580000)
 Metaspace       used 16289K, capacity 16736K, committed 16896K, reserved 1062912K
  class space    used 2376K, capacity 2520K, committed 2560K, reserved 1048576K
}
Event: 11.277 GC heap before
{Heap before GC invocations=5 (full 0):
 PSYoungGen      total 38400K, used 38368K [0x00000000e0000000, 0x00000000e4b00000, 0x0000000100000000)
  eden space 33280K, 100% used [0x00000000e0000000,0x00000000e2080000,0x00000000e2080000)
  from space 5120K, 99% used [0x00000000e2580000,0x00000000e2a78040,0x00000000e2a80000)
  to   space 5120K, 0% used [0x00000000e2080000,0x00000000e2080000,0x00000000e2580000)
 ParOldGen       total 87552K, used 5018K [0x00000000a0000000, 0x00000000a5580000, 0x00000000e0000000)
  object space 87552K, 5% used [0x00000000a0000000,0x00000000a04e6a28,0x00000000a5580000)
 Metaspace       used 19205K, capacity 19720K, committed 19968K, reserved 1067008K
  class space    used 2863K, capacity 3054K, committed 3072K, reserved 1048576K
Event: 11.286 GC heap after
Heap after GC invocations=5 (full 0):
 PSYoungGen      total 38400K, used 5108K [0x00000000e0000000, 0x00000000e5600000, 0x0000000100000000)
  eden space 33280K, 0% used [0x00000000e0000000,0x00000000e0000000,0x00000000e2080000)
  from space 5120K, 99% used [0x00000000e2080000,0x00000000e257d040,0x00000000e2580000)
  to   space 10752K, 0% used [0x00000000e4b80000,0x00000000e4b80000,0x00000000e5600000)
 ParOldGen       total 87552K, used 8654K [0x00000000a0000000, 0x00000000a5580000, 0x00000000e0000000)
  object space 87552K, 9% used [0x00000000a0000000,0x00000000a0873808,0x00000000a5580000)
 Metaspace       used 19205K, capacity 19720K, committed 19968K, reserved 1067008K
  class space    used 2863K, capacity 3054K, committed 3072K, reserved 1048576K
}
Event: 11.436 GC heap before
{Heap before GC invocations=6 (full 0):
 PSYoungGen      total 38400K, used 16724K [0x00000000e0000000, 0x00000000e5600000, 0x0000000100000000)
  eden space 33280K, 34% used [0x00000000e0000000,0x00000000e0b58280,0x00000000e2080000)
  from space 5120K, 99% used [0x00000000e2080000,0x00000000e257d040,0x00000000e2580000)
  to   space 10752K, 0% used [0x00000000e4b80000,0x00000000e4b80000,0x00000000e5600000)
 ParOldGen       total 87552K, used 8654K [0x00000000a0000000, 0x00000000a5580000, 0x00000000e0000000)
  object space 87552K, 9% used [0x00000000a0000000,0x00000000a0873808,0x00000000a5580000)
 Metaspace       used 20629K, capacity 21134K, committed 21248K, reserved 1067008K
  class space    used 3044K, capacity 3247K, committed 3328K, reserved 1048576K
Event: 11.445 GC heap after
Heap after GC invocations=6 (full 0):
 PSYoungGen      total 76288K, used 7133K [0x00000000e0000000, 0x00000000e5500000, 0x0000000100000000)
  eden space 66560K, 0% used [0x00000000e0000000,0x00000000e0000000,0x00000000e4100000)
  from space 9728K, 73% used [0x00000000e4b80000,0x00000000e5277748,0x00000000e5500000)
  to   space 10240K, 0% used [0x00000000e4100000,0x00000000e4100000,0x00000000e4b00000)
 ParOldGen       total 87552K, used 8654K [0x00000000a0000000, 0x00000000a5580000, 0x00000000e0000000)
  object space 87552K, 9% used [0x00000000a0000000,0x00000000a0873808,0x00000000a5580000)
 Metaspace       used 20629K, capacity 21134K, committed 21248K, reserved 1067008K
  class space    used 3044K, capacity 3247K, committed 3328K, reserved 1048576K
}
Event: 11.445 GC heap before
{Heap before GC invocations=7 (full 1):
 PSYoungGen      total 76288K, used 7133K [0x00000000e0000000, 0x00000000e5500000, 0x0000000100000000)
  eden space 66560K, 0% used [0x00000000e0000000,0x00000000e0000000,0x00000000e4100000)
  from space 9728K, 73% used [0x00000000e4b80000,0x00000000e5277748,0x00000000e5500000)
  to   space 10240K, 0% used [0x00000000e4100000,0x00000000e4100000,0x00000000e4b00000)
 ParOldGen       total 87552K, used 8654K [0x00000000a0000000, 0x00000000a5580000, 0x00000000e0000000)
  object space 87552K, 9% used [0x00000000a0000000,0x00000000a0873808,0x00000000a5580000)
 Metaspace       used 20629K, capacity 21134K, committed 21248K, reserved 1067008K
  class space    used 3044K, capacity 3247K, committed 3328K, reserved 1048576K
Event: 11.489 GC heap after
Heap after GC invocations=7 (full 1):
 PSYoungGen      total 76288K, used 0K [0x00000000e0000000, 0x00000000e5500000, 0x0000000100000000)
  eden space 66560K, 0% used [0x00000000e0000000,0x00000000e0000000,0x00000000e4100000)
  from space 9728K, 0% used [0x00000000e4b80000,0x00000000e4b80000,0x00000000e5500000)
  to   space 10240K, 0% used [0x00000000e4100000,0x00000000e4100000,0x00000000e4b00000)
 ParOldGen       total 51712K, used 8393K [0x00000000a0000000, 0x00000000a3280000, 0x00000000e0000000)
  object space 51712K, 16% used [0x00000000a0000000,0x00000000a08325d8,0x00000000a3280000)
 Metaspace       used 20629K, capacity 21134K, committed 21248K, reserved 1067008K
  class space    used 3044K, capacity 3247K, committed 3328K, reserved 1048576K
}
Event: 13.538 GC heap before
{Heap before GC invocations=8 (full 1):
 PSYoungGen      total 76288K, used 66560K [0x00000000e0000000, 0x00000000e5500000, 0x0000000100000000)
  eden space 66560K, 100% used [0x00000000e0000000,0x00000000e4100000,0x00000000e4100000)
  from space 9728K, 0% used [0x00000000e4b80000,0x00000000e4b80000,0x00000000e5500000)
  to   space 10240K, 0% used [0x00000000e4100000,0x00000000e4100000,0x00000000e4b00000)
 ParOldGen       total 51712K, used 8393K [0x00000000a0000000, 0x00000000a3280000, 0x00000000e0000000)
  object space 51712K, 16% used [0x00000000a0000000,0x00000000a08325d8,0x00000000a3280000)
 Metaspace       used 29131K, capacity 29640K, committed 29824K, reserved 1075200K
  class space    used 4031K, capacity 4194K, committed 4224K, reserved 1048576K
Event: 13.548 GC heap after
Heap after GC invocations=8 (full 1):
 PSYoungGen      total 76800K, used 8065K [0x00000000e0000000, 0x00000000e8c00000, 0x0000000100000000)
  eden space 66560K, 0% used [0x00000000e0000000,0x00000000e0000000,0x00000000e4100000)
  from space 10240K, 78% used [0x00000000e4100000,0x00000000e48e0508,0x00000000e4b00000)
  to   space 10752K, 0% used [0x00000000e8180000,0x00000000e8180000,0x00000000e8c00000)
 ParOldGen       total 51712K, used 8401K [0x00000000a0000000, 0x00000000a3280000, 0x00000000e0000000)
  object space 51712K, 16% used [0x00000000a0000000,0x00000000a08345d8,0x00000000a3280000)
 Metaspace       used 29131K, capacity 29640K, committed 29824K, reserved 1075200K
  class space    used 4031K, capacity 4194K, committed 4224K, reserved 1048576K
}

