# JRE version: Java(TM) SE Runtime Environment (8.0_191-b12) (build 1.8.0_191-b12)
# Java VM: Java HotSpot(TM) 64-Bit Server VM (25.191-b12 mixed mode windows-amd64 compressed oops)
Heap:
 PSYoungGen      total 217088K, used 187683K [0x00000000e0000000, 0x00000000f2780000, 0x0000000100000000)
  eden space 166400K, 82% used [0x00000000e0000000,0x00000000e85cc398,0x00000000ea280000)
  from space 50688K, 99% used [0x00000000ea280000,0x00000000ed3fc9e8,0x00000000ed400000)
  to   space 60928K, 0% used [0x00000000eec00000,0x00000000eec00000,0x00000000f2780000)
 ParOldGen       total 247296K, used 101400K [0x00000000a0000000, 0x00000000af180000, 0x00000000e0000000)
  object space 247296K, 41% used [0x00000000a0000000,0x00000000a63063e8,0x00000000af180000)
 Metaspace       used 98907K, capacity 102708K, committed 102912K, reserved 1138688K
  class space    used 13011K, capacity 13812K, committed 13824K, reserved 1048576K
GC Heap History (10 events):
Event: 535.458 GC heap before
{Heap before GC invocations=25 (full 3):
 PSYoungGen      total 170496K, used 170481K [0x00000000e0000000, 0x00000000ed600000, 0x0000000100000000)
  eden space 142848K, 100% used [0x00000000e0000000,0x00000000e8b80000,0x00000000e8b80000)
  from space 27648K, 99% used [0x00000000e8b80000,0x00000000ea67c578,0x00000000ea680000)
  to   space 32256K, 0% used [0x00000000eb680000,0x00000000eb680000,0x00000000ed600000)
 ParOldGen       total 89600K, used 63370K [0x00000000a0000000, 0x00000000a5780000, 0x00000000e0000000)
  object space 89600K, 70% used [0x00000000a0000000,0x00000000a3de2b90,0x00000000a5780000)
 Metaspace       used 81190K, capacity 84388K, committed 84608K, reserved 1122304K
  class space    used 10890K, capacity 11582K, committed 11648K, reserved 1048576K
Event: 535.506 GC heap after
Heap after GC invocations=25 (full 3):
 PSYoungGen      total 185856K, used 21952K [0x00000000e0000000, 0x00000000ed700000, 0x0000000100000000)
  eden space 153600K, 0% used [0x00000000e0000000,0x00000000e0000000,0x00000000e9600000)
  from space 32256K, 68% used [0x00000000eb680000,0x00000000ecbf0010,0x00000000ed600000)
  to   space 33280K, 0% used [0x00000000e9600000,0x00000000e9600000,0x00000000eb680000)
 ParOldGen       total 89600K, used 73501K [0x00000000a0000000, 0x00000000a5780000, 0x00000000e0000000)
  object space 89600K, 82% used [0x00000000a0000000,0x00000000a47c74f0,0x00000000a5780000)
 Metaspace       used 81190K, capacity 84388K, committed 84608K, reserved 1122304K
  class space    used 10890K, capacity 11582K, committed 11648K, reserved 1048576K
}
Event: 539.982 GC heap before
{Heap before GC invocations=26 (full 3):
 PSYoungGen      total 185856K, used 175552K [0x00000000e0000000, 0x00000000ed700000, 0x0000000100000000)
  eden space 153600K, 100% used [0x00000000e0000000,0x00000000e9600000,0x00000000e9600000)
  from space 32256K, 68% used [0x00000000eb680000,0x00000000ecbf0010,0x00000000ed600000)
  to   space 33280K, 0% used [0x00000000e9600000,0x00000000e9600000,0x00000000eb680000)
 ParOldGen       total 89600K, used 73501K [0x00000000a0000000, 0x00000000a5780000, 0x00000000e0000000)
  object space 89600K, 82% used [0x00000000a0000000,0x00000000a47c74f0,0x00000000a5780000)
 Metaspace       used 88998K, capacity 92228K, committed 92288K, reserved 1128448K
  class space    used 11718K, capacity 12382K, committed 12416K, reserved 1048576K
Event: 540.100 GC heap after
Heap after GC invocations=26 (full 3):
 PSYoungGen      total 186880K, used 33274K [0x00000000e0000000, 0x00000000f0280000, 0x0000000100000000)
  eden space 153600K, 0% used [0x00000000e0000000,0x00000000e0000000,0x00000000e9600000)
  from space 33280K, 99% used [0x00000000e9600000,0x00000000eb67e960,0x00000000eb680000)
  to   space 47616K, 0% used [0x00000000ed400000,0x00000000ed400000,0x00000000f0280000)
 ParOldGen       total 99328K, used 98870K [0x00000000a0000000, 0x00000000a6100000, 0x00000000e0000000)
  object space 99328K, 99% used [0x00000000a0000000,0x00000000a608dad0,0x00000000a6100000)
 Metaspace       used 88998K, capacity 92228K, committed 92288K, reserved 1128448K
  class space    used 11718K, capacity 12382K, committed 12416K, reserved 1048576K
}
Event: 540.100 GC heap before
{Heap before GC invocations=27 (full 4):
 PSYoungGen      total 186880K, used 33274K [0x00000000e0000000, 0x00000000f0280000, 0x0000000100000000)
  eden space 153600K, 0% used [0x00000000e0000000,0x00000000e0000000,0x00000000e9600000)
  from space 33280K, 99% used [0x00000000e9600000,0x00000000eb67e960,0x00000000eb680000)
  to   space 47616K, 0% used [0x00000000ed400000,0x00000000ed400000,0x00000000f0280000)
 ParOldGen       total 99328K, used 98870K [0x00000000a0000000, 0x00000000a6100000, 0x00000000e0000000)
  object space 99328K, 99% used [0x00000000a0000000,0x00000000a608dad0,0x00000000a6100000)
 Metaspace       used 88998K, capacity 92228K, committed 92288K, reserved 1128448K
  class space    used 11718K, capacity 12382K, committed 12416K, reserved 1048576K
Event: 540.714 GC heap after
Heap after GC invocations=27 (full 4):
 PSYoungGen      total 186880K, used 0K [0x00000000e0000000, 0x00000000f0280000, 0x0000000100000000)
  eden space 153600K, 0% used [0x00000000e0000000,0x00000000e0000000,0x00000000e9600000)
  from space 33280K, 0% used [0x00000000e9600000,0x00000000e9600000,0x00000000eb680000)
  to   space 47616K, 0% used [0x00000000ed400000,0x00000000ed400000,0x00000000f0280000)
 ParOldGen       total 247296K, used 95691K [0x00000000a0000000, 0x00000000af180000, 0x00000000e0000000)
  object space 247296K, 38% used [0x00000000a0000000,0x00000000a5d72d28,0x00000000af180000)
 Metaspace       used 88956K, capacity 92114K, committed 92288K, reserved 1128448K
  class space    used 11705K, capacity 12359K, committed 12416K, reserved 1048576K
}
Event: 547.356 GC heap before
{Heap before GC invocations=28 (full 4):
 PSYoungGen      total 186880K, used 153600K [0x00000000e0000000, 0x00000000f0280000, 0x0000000100000000)
  eden space 153600K, 100% used [0x00000000e0000000,0x00000000e9600000,0x00000000e9600000)
  from space 33280K, 0% used [0x00000000e9600000,0x00000000e9600000,0x00000000eb680000)
  to   space 47616K, 0% used [0x00000000ed400000,0x00000000ed400000,0x00000000f0280000)
 ParOldGen       total 247296K, used 95691K [0x00000000a0000000, 0x00000000af180000, 0x00000000e0000000)
  object space 247296K, 38% used [0x00000000a0000000,0x00000000a5d72d28,0x00000000af180000)
 Metaspace       used 90828K, capacity 94002K, committed 94208K, reserved 1130496K
  class space    used 11838K, capacity 12519K, committed 12544K, reserved 1048576K
Event: 547.439 GC heap after
Heap after GC invocations=28 (full 4):
 PSYoungGen      total 214016K, used 34815K [0x00000000e0000000, 0x00000000f0c00000, 0x0000000100000000)
  eden space 166400K, 0% used [0x00000000e0000000,0x00000000e0000000,0x00000000ea280000)
  from space 47616K, 73% used [0x00000000ed400000,0x00000000ef5ffe40,0x00000000f0280000)
  to   space 50688K, 0% used [0x00000000ea280000,0x00000000ea280000,0x00000000ed400000)
 ParOldGen       total 247296K, used 95699K [0x00000000a0000000, 0x00000000af180000, 0x00000000e0000000)
  object space 247296K, 38% used [0x00000000a0000000,0x00000000a5d74d28,0x00000000af180000)
 Metaspace       used 90828K, capacity 94002K, committed 94208K, reserved 1130496K
  class space    used 11838K, capacity 12519K, committed 12544K, reserved 1048576K
}
Event: 556.669 GC heap before
{Heap before GC invocations=29 (full 4):
 PSYoungGen      total 214016K, used 201215K [0x00000000e0000000, 0x00000000f0c00000, 0x0000000100000000)
  eden space 166400K, 100% used [0x00000000e0000000,0x00000000ea280000,0x00000000ea280000)
  from space 47616K, 73% used [0x00000000ed400000,0x00000000ef5ffe40,0x00000000f0280000)
  to   space 50688K, 0% used [0x00000000ea280000,0x00000000ea280000,0x00000000ed400000)
 ParOldGen       total 247296K, used 95699K [0x00000000a0000000, 0x00000000af180000, 0x00000000e0000000)
  object space 247296K, 38% used [0x00000000a0000000,0x00000000a5d74d28,0x00000000af180000)
 Metaspace       used 91711K, capacity 94968K, committed 95104K, reserved 1132544K
  class space    used 11943K, capacity 12648K, committed 12672K, reserved 1048576K
Event: 556.734 GC heap after
Heap after GC invocations=29 (full 4):
 PSYoungGen      total 217088K, used 50674K [0x00000000e0000000, 0x00000000f2780000, 0x0000000100000000)
  eden space 166400K, 0% used [0x00000000e0000000,0x00000000e0000000,0x00000000ea280000)
  from space 50688K, 99% used [0x00000000ea280000,0x00000000ed3fc9e8,0x00000000ed400000)
  to   space 60928K, 0% used [0x00000000eec00000,0x00000000eec00000,0x00000000f2780000)
 ParOldGen       total 247296K, used 101400K [0x00000000a0000000, 0x00000000af180000, 0x00000000e0000000)
  object space 247296K, 41% used [0x00000000a0000000,0x00000000a63063e8,0x00000000af180000)
 Metaspace       used 91711K, capacity 94968K, committed 95104K, reserved 1132544K
  class space    used 11943K, capacity 12648K, committed 12672K, reserved 1048576K
}

