# JRE version: Java(TM) SE Runtime Environment (8.0_191-b12) (build 1.8.0_191-b12)
# Java VM: Java HotSpot(TM) 64-Bit Server VM (25.191-b12 mixed mode windows-amd64 compressed oops)
Heap:
 PSYoungGen      total 446464K, used 157179K [0x00000000e0000000, 0x0000000100000000, 0x0000000100000000)
  eden space 413696K, 30% used [0x00000000e0000000,0x00000000e79812f8,0x00000000f9400000)
  from space 32768K, 99% used [0x00000000fdd00000,0x00000000ffcfdaa0,0x00000000ffd00000)
  to   space 55296K, 0% used [0x00000000f9400000,0x00000000f9400000,0x00000000fca00000)
 ParOldGen       total 280064K, used 243937K [0x00000000a0000000, 0x00000000b1180000, 0x00000000e0000000)
  object space 280064K, 87% used [0x00000000a0000000,0x00000000aee38478,0x00000000b1180000)
 Metaspace       used 135017K, capacity 141368K, committed 142848K, reserved 1173504K
  class space    used 17154K, capacity 18287K, committed 18688K, reserved 1048576K
GC Heap History (10 events):
Event: 3235.901 GC heap before
{Heap before GC invocations=57 (full 5):
 PSYoungGen      total 480768K, used 453407K [0x00000000e0000000, 0x00000000fff00000, 0x0000000100000000)
  eden space 442368K, 100% used [0x00000000e0000000,0x00000000fb000000,0x00000000fb000000)
  from space 38400K, 28% used [0x00000000fb000000,0x00000000fbac7ea0,0x00000000fd580000)
  to   space 37376K, 0% used [0x00000000fda80000,0x00000000fda80000,0x00000000fff00000)
 ParOldGen       total 280064K, used 155695K [0x00000000a0000000, 0x00000000b1180000, 0x00000000e0000000)
  object space 280064K, 55% used [0x00000000a0000000,0x00000000a980be68,0x00000000b1180000)
 Metaspace       used 133585K, capacity 139654K, committed 142592K, reserved 1173504K
  class space    used 16974K, capacity 18066K, committed 18688K, reserved 1048576K
Event: 3236.029 GC heap after
Heap after GC invocations=57 (full 5):
 PSYoungGen      total 484864K, used 10434K [0x00000000e0000000, 0x00000000ffe00000, 0x0000000100000000)
  eden space 448512K, 0% used [0x00000000e0000000,0x00000000e0000000,0x00000000fb600000)
  from space 36352K, 28% used [0x00000000fda80000,0x00000000fe4b08b0,0x00000000ffe00000)
  to   space 36864K, 0% used [0x00000000fb600000,0x00000000fb600000,0x00000000fda00000)
 ParOldGen       total 280064K, used 165866K [0x00000000a0000000, 0x00000000b1180000, 0x00000000e0000000)
  object space 280064K, 59% used [0x00000000a0000000,0x00000000aa1fa880,0x00000000b1180000)
 Metaspace       used 133585K, capacity 139654K, committed 142592K, reserved 1173504K
  class space    used 16974K, capacity 18066K, committed 18688K, reserved 1048576K
}
Event: 3238.201 GC heap before
{Heap before GC invocations=58 (full 5):
 PSYoungGen      total 484864K, used 458946K [0x00000000e0000000, 0x00000000ffe00000, 0x0000000100000000)
  eden space 448512K, 100% used [0x00000000e0000000,0x00000000fb600000,0x00000000fb600000)
  from space 36352K, 28% used [0x00000000fda80000,0x00000000fe4b08b0,0x00000000ffe00000)
  to   space 36864K, 0% used [0x00000000fb600000,0x00000000fb600000,0x00000000fda00000)
 ParOldGen       total 280064K, used 165866K [0x00000000a0000000, 0x00000000b1180000, 0x00000000e0000000)
  object space 280064K, 59% used [0x00000000a0000000,0x00000000aa1fa880,0x00000000b1180000)
 Metaspace       used 133593K, capacity 139654K, committed 142592K, reserved 1173504K
  class space    used 16978K, capacity 18066K, committed 18688K, reserved 1048576K
Event: 3238.261 GC heap after
Heap after GC invocations=58 (full 5):
 PSYoungGen      total 485376K, used 11459K [0x00000000e0000000, 0x00000000ffd80000, 0x0000000100000000)
  eden space 448512K, 0% used [0x00000000e0000000,0x00000000e0000000,0x00000000fb600000)
  from space 36864K, 31% used [0x00000000fb600000,0x00000000fc130e08,0x00000000fda00000)
  to   space 35328K, 0% used [0x00000000fdb00000,0x00000000fdb00000,0x00000000ffd80000)
 ParOldGen       total 280064K, used 175576K [0x00000000a0000000, 0x00000000b1180000, 0x00000000e0000000)
  object space 280064K, 62% used [0x00000000a0000000,0x00000000aab76078,0x00000000b1180000)
 Metaspace       used 133593K, capacity 139654K, committed 142592K, reserved 1173504K
  class space    used 16978K, capacity 18066K, committed 18688K, reserved 1048576K
}
Event: 3240.460 GC heap before
{Heap before GC invocations=59 (full 5):
 PSYoungGen      total 485376K, used 459971K [0x00000000e0000000, 0x00000000ffd80000, 0x0000000100000000)
  eden space 448512K, 100% used [0x00000000e0000000,0x00000000fb600000,0x00000000fb600000)
  from space 36864K, 31% used [0x00000000fb600000,0x00000000fc130e08,0x00000000fda00000)
  to   space 35328K, 0% used [0x00000000fdb00000,0x00000000fdb00000,0x00000000ffd80000)
 ParOldGen       total 280064K, used 175576K [0x00000000a0000000, 0x00000000b1180000, 0x00000000e0000000)
  object space 280064K, 62% used [0x00000000a0000000,0x00000000aab76078,0x00000000b1180000)
 Metaspace       used 133607K, capacity 139658K, committed 142592K, reserved 1173504K
  class space    used 16979K, capacity 18066K, committed 18688K, reserved 1048576K
Event: 3240.521 GC heap after
Heap after GC invocations=59 (full 5):
 PSYoungGen      total 486400K, used 11975K [0x00000000e0000000, 0x00000000ffc80000, 0x0000000100000000)
  eden space 452096K, 0% used [0x00000000e0000000,0x00000000e0000000,0x00000000fb980000)
  from space 34304K, 34% used [0x00000000fdb00000,0x00000000fe6b1cd0,0x00000000ffc80000)
  to   space 34304K, 0% used [0x00000000fb980000,0x00000000fb980000,0x00000000fdb00000)
 ParOldGen       total 280064K, used 186059K [0x00000000a0000000, 0x00000000b1180000, 0x00000000e0000000)
  object space 280064K, 66% used [0x00000000a0000000,0x00000000ab5b2d48,0x00000000b1180000)
 Metaspace       used 133607K, capacity 139658K, committed 142592K, reserved 1173504K
  class space    used 16979K, capacity 18066K, committed 18688K, reserved 1048576K
}
Event: 3246.550 GC heap before
{Heap before GC invocations=60 (full 5):
 PSYoungGen      total 486400K, used 464071K [0x00000000e0000000, 0x00000000ffc80000, 0x0000000100000000)
  eden space 452096K, 100% used [0x00000000e0000000,0x00000000fb980000,0x00000000fb980000)
  from space 34304K, 34% used [0x00000000fdb00000,0x00000000fe6b1cd0,0x00000000ffc80000)
  to   space 34304K, 0% used [0x00000000fb980000,0x00000000fb980000,0x00000000fdb00000)
 ParOldGen       total 280064K, used 186059K [0x00000000a0000000, 0x00000000b1180000, 0x00000000e0000000)
  object space 280064K, 66% used [0x00000000a0000000,0x00000000ab5b2d48,0x00000000b1180000)
 Metaspace       used 134146K, capacity 140312K, committed 142592K, reserved 1173504K
  class space    used 17069K, capacity 18217K, committed 18688K, reserved 1048576K
Event: 3246.744 GC heap after
Heap after GC invocations=60 (full 5):
 PSYoungGen      total 486400K, used 16379K [0x00000000e0000000, 0x00000000ffd00000, 0x0000000100000000)
  eden space 452096K, 0% used [0x00000000e0000000,0x00000000e0000000,0x00000000fb980000)
  from space 34304K, 47% used [0x00000000fb980000,0x00000000fc97ef88,0x00000000fdb00000)
  to   space 32768K, 0% used [0x00000000fdd00000,0x00000000fdd00000,0x00000000ffd00000)
 ParOldGen       total 280064K, used 194905K [0x00000000a0000000, 0x00000000b1180000, 0x00000000e0000000)
  object space 280064K, 69% used [0x00000000a0000000,0x00000000abe567c0,0x00000000b1180000)
 Metaspace       used 134146K, capacity 140312K, committed 142592K, reserved 1173504K
  class space    used 17069K, capacity 18217K, committed 18688K, reserved 1048576K
}
Event: 3254.956 GC heap before
{Heap before GC invocations=61 (full 5):
 PSYoungGen      total 486400K, used 468475K [0x00000000e0000000, 0x00000000ffd00000, 0x0000000100000000)
  eden space 452096K, 100% used [0x00000000e0000000,0x00000000fb980000,0x00000000fb980000)
  from space 34304K, 47% used [0x00000000fb980000,0x00000000fc97ef88,0x00000000fdb00000)
  to   space 32768K, 0% used [0x00000000fdd00000,0x00000000fdd00000,0x00000000ffd00000)
 ParOldGen       total 280064K, used 194905K [0x00000000a0000000, 0x00000000b1180000, 0x00000000e0000000)
  object space 280064K, 69% used [0x00000000a0000000,0x00000000abe567c0,0x00000000b1180000)
 Metaspace       used 134981K, capacity 141346K, committed 142848K, reserved 1173504K
  class space    used 17151K, capacity 18284K, committed 18688K, reserved 1048576K
Event: 3255.428 GC heap after
Heap after GC invocations=61 (full 5):
 PSYoungGen      total 446464K, used 32758K [0x00000000e0000000, 0x0000000100000000, 0x0000000100000000)
  eden space 413696K, 0% used [0x00000000e0000000,0x00000000e0000000,0x00000000f9400000)
  from space 32768K, 99% used [0x00000000fdd00000,0x00000000ffcfdaa0,0x00000000ffd00000)
  to   space 55296K, 0% used [0x00000000f9400000,0x00000000f9400000,0x00000000fca00000)
 ParOldGen       total 280064K, used 243937K [0x00000000a0000000, 0x00000000b1180000, 0x00000000e0000000)
  object space 280064K, 87% used [0x00000000a0000000,0x00000000aee38478,0x00000000b1180000)
 Metaspace       used 134981K, capacity 141346K, committed 142848K, reserved 1173504K
  class space    used 17151K, capacity 18284K, committed 18688K, reserved 1048576K
}

